0 info it worked if it ends with ok
1 verbose cli [ '/usr/local/bin/node',
1 verbose cli   '/usr/local/bin/npm',
1 verbose cli   'install',
1 verbose cli   '--save-dev',
1 verbose cli   'gulp@next',
1 verbose cli   'gulp-gh-pages' ]
2 info using npm@3.10.3
3 info using node@v6.4.0
4 silly loadCurrentTree Starting
5 silly install loadCurrentTree
6 silly install readLocalPackageData
7 silly fetchPackageMetaData gulp@next
8 silly fetchPackageMetaData gulp-gh-pages@^0.5.4
9 silly fetchNamedPackageData gulp-gh-pages
10 silly mapToRegistry name gulp-gh-pages
11 silly mapToRegistry using default registry
12 silly mapToRegistry registry https://registry.npmjs.org/
13 silly mapToRegistry data Result {
13 silly mapToRegistry   raw: 'gulp-gh-pages',
13 silly mapToRegistry   scope: null,
13 silly mapToRegistry   escapedName: 'gulp-gh-pages',
13 silly mapToRegistry   name: 'gulp-gh-pages',
13 silly mapToRegistry   rawSpec: '',
13 silly mapToRegistry   spec: 'latest',
13 silly mapToRegistry   type: 'tag' }
14 silly mapToRegistry uri https://registry.npmjs.org/gulp-gh-pages
15 silly fetchNamedPackageData gulp
16 silly mapToRegistry name gulp
17 silly mapToRegistry using default registry
18 silly mapToRegistry registry https://registry.npmjs.org/
19 silly mapToRegistry data Result {
19 silly mapToRegistry   raw: 'gulp',
19 silly mapToRegistry   scope: null,
19 silly mapToRegistry   escapedName: 'gulp',
19 silly mapToRegistry   name: 'gulp',
19 silly mapToRegistry   rawSpec: '',
19 silly mapToRegistry   spec: 'latest',
19 silly mapToRegistry   type: 'tag' }
20 silly mapToRegistry uri https://registry.npmjs.org/gulp
21 verbose request uri https://registry.npmjs.org/gulp-gh-pages
22 verbose request no auth needed
23 info attempt registry request try #1 at 9:50:37 PM
24 verbose request id 03334117aaa93474
25 verbose etag W/"dd9fe5b6548cb222ff81c7de6cc3d89e"
26 verbose lastModified Tue, 14 Aug 2018 13:57:37 GMT
27 http request GET https://registry.npmjs.org/gulp-gh-pages
28 verbose request uri https://registry.npmjs.org/gulp
29 verbose request no auth needed
30 info attempt registry request try #1 at 9:50:37 PM
31 verbose etag W/"8ab4ef775ef7f08852be4ff591d6e0fa"
32 verbose lastModified Thu, 21 Feb 2019 07:52:48 GMT
33 http request GET https://registry.npmjs.org/gulp
34 http 304 https://registry.npmjs.org/gulp
35 verbose headers { date: 'Fri, 08 Mar 2019 05:50:37 GMT',
35 verbose headers   connection: 'keep-alive',
35 verbose headers   'set-cookie': [ '__cfduid=d7565f3500a905259c47bb09e48e9ebbb1552024237; expires=Sat, 07-Mar-20 05:50:37 GMT; path=/; domain=.registry.npmjs.org; HttpOnly' ],
35 verbose headers   'cf-cache-status': 'HIT',
35 verbose headers   'cache-control': 'max-age=300',
35 verbose headers   'cf-ray': '4b42885e7d332876-SJC',
35 verbose headers   etag: '"8ab4ef775ef7f08852be4ff591d6e0fa"',
35 verbose headers   'expect-ct': 'max-age=604800, report-uri="https://report-uri.cloudflare.com/cdn-cgi/beacon/expect-ct"',
35 verbose headers   'last-modified': 'Thu, 21 Feb 2019 07:52:48 GMT',
35 verbose headers   vary: 'accept-encoding, accept',
35 verbose headers   'x-amz-meta-rev': '1907-5c7cc85fcc0f1dfa2edce5f4420415ed',
35 verbose headers   server: 'cloudflare' }
36 silly get cb [ 304,
36 silly get   { date: 'Fri, 08 Mar 2019 05:50:37 GMT',
36 silly get     connection: 'keep-alive',
36 silly get     'set-cookie': [ '__cfduid=d7565f3500a905259c47bb09e48e9ebbb1552024237; expires=Sat, 07-Mar-20 05:50:37 GMT; path=/; domain=.registry.npmjs.org; HttpOnly' ],
36 silly get     'cf-cache-status': 'HIT',
36 silly get     'cache-control': 'max-age=300',
36 silly get     'cf-ray': '4b42885e7d332876-SJC',
36 silly get     etag: '"8ab4ef775ef7f08852be4ff591d6e0fa"',
36 silly get     'expect-ct': 'max-age=604800, report-uri="https://report-uri.cloudflare.com/cdn-cgi/beacon/expect-ct"',
36 silly get     'last-modified': 'Thu, 21 Feb 2019 07:52:48 GMT',
36 silly get     vary: 'accept-encoding, accept',
36 silly get     'x-amz-meta-rev': '1907-5c7cc85fcc0f1dfa2edce5f4420415ed',
36 silly get     server: 'cloudflare' } ]
37 verbose etag https://registry.npmjs.org/gulp from cache
38 verbose get saving gulp to /Users/jigsaw/.npm/registry.npmjs.org/gulp/.cache.json
39 verbose correctMkdir /Users/jigsaw/.npm correctMkdir not in flight; initializing
40 http 304 https://registry.npmjs.org/gulp-gh-pages
41 verbose headers { date: 'Fri, 08 Mar 2019 05:50:37 GMT',
41 verbose headers   connection: 'keep-alive',
41 verbose headers   'set-cookie': [ '__cfduid=dee4dbed0dd1b4fa611b35c09fa958a821552024237; expires=Sat, 07-Mar-20 05:50:37 GMT; path=/; domain=.registry.npmjs.org; HttpOnly' ],
41 verbose headers   'cf-cache-status': 'HIT',
41 verbose headers   'cache-control': 'max-age=300',
41 verbose headers   'cf-ray': '4b42885e78479bb1-SJC',
41 verbose headers   etag: '"dd9fe5b6548cb222ff81c7de6cc3d89e"',
41 verbose headers   'expect-ct': 'max-age=604800, report-uri="https://report-uri.cloudflare.com/cdn-cgi/beacon/expect-ct"',
41 verbose headers   'last-modified': 'Tue, 14 Aug 2018 13:57:37 GMT',
41 verbose headers   vary: 'accept-encoding, accept',
41 verbose headers   server: 'cloudflare' }
42 silly get cb [ 304,
42 silly get   { date: 'Fri, 08 Mar 2019 05:50:37 GMT',
42 silly get     connection: 'keep-alive',
42 silly get     'set-cookie': [ '__cfduid=dee4dbed0dd1b4fa611b35c09fa958a821552024237; expires=Sat, 07-Mar-20 05:50:37 GMT; path=/; domain=.registry.npmjs.org; HttpOnly' ],
42 silly get     'cf-cache-status': 'HIT',
42 silly get     'cache-control': 'max-age=300',
42 silly get     'cf-ray': '4b42885e78479bb1-SJC',
42 silly get     etag: '"dd9fe5b6548cb222ff81c7de6cc3d89e"',
42 silly get     'expect-ct': 'max-age=604800, report-uri="https://report-uri.cloudflare.com/cdn-cgi/beacon/expect-ct"',
42 silly get     'last-modified': 'Tue, 14 Aug 2018 13:57:37 GMT',
42 silly get     vary: 'accept-encoding, accept',
42 silly get     server: 'cloudflare' } ]
43 verbose etag https://registry.npmjs.org/gulp-gh-pages from cache
44 verbose get saving gulp-gh-pages to /Users/jigsaw/.npm/registry.npmjs.org/gulp-gh-pages/.cache.json
45 verbose correctMkdir /Users/jigsaw/.npm correctMkdir already in flight; waiting
46 silly fetchNamedPackageData No valid target from cache, forcing network
47 verbose request uri https://registry.npmjs.org/gulp
48 verbose request no auth needed
49 info attempt registry request try #1 at 9:50:37 PM
50 http request GET https://registry.npmjs.org/gulp
51 http 200 https://registry.npmjs.org/gulp
52 verbose headers { date: 'Fri, 08 Mar 2019 05:50:37 GMT',
52 verbose headers   'content-type': 'application/json',
52 verbose headers   'transfer-encoding': 'chunked',
52 verbose headers   connection: 'keep-alive',
52 verbose headers   'set-cookie': [ '__cfduid=d7565f3500a905259c47bb09e48e9ebbb1552024237; expires=Sat, 07-Mar-20 05:50:37 GMT; path=/; domain=.registry.npmjs.org; HttpOnly' ],
52 verbose headers   'cf-cache-status': 'HIT',
52 verbose headers   'cache-control': 'max-age=300',
52 verbose headers   'cf-ray': '4b42885efd892876-SJC',
52 verbose headers   etag: 'W/"8ab4ef775ef7f08852be4ff591d6e0fa"',
52 verbose headers   'expect-ct': 'max-age=604800, report-uri="https://report-uri.cloudflare.com/cdn-cgi/beacon/expect-ct"',
52 verbose headers   'last-modified': 'Thu, 21 Feb 2019 07:52:48 GMT',
52 verbose headers   vary: 'accept-encoding, accept',
52 verbose headers   'x-amz-meta-rev': '1907-5c7cc85fcc0f1dfa2edce5f4420415ed',
52 verbose headers   server: 'cloudflare',
52 verbose headers   'content-encoding': 'gzip' }
53 silly get cb [ 200,
53 silly get   { date: 'Fri, 08 Mar 2019 05:50:37 GMT',
53 silly get     'content-type': 'application/json',
53 silly get     'transfer-encoding': 'chunked',
53 silly get     connection: 'keep-alive',
53 silly get     'set-cookie': [ '__cfduid=d7565f3500a905259c47bb09e48e9ebbb1552024237; expires=Sat, 07-Mar-20 05:50:37 GMT; path=/; domain=.registry.npmjs.org; HttpOnly' ],
53 silly get     'cf-cache-status': 'HIT',
53 silly get     'cache-control': 'max-age=300',
53 silly get     'cf-ray': '4b42885efd892876-SJC',
53 silly get     etag: 'W/"8ab4ef775ef7f08852be4ff591d6e0fa"',
53 silly get     'expect-ct': 'max-age=604800, report-uri="https://report-uri.cloudflare.com/cdn-cgi/beacon/expect-ct"',
53 silly get     'last-modified': 'Thu, 21 Feb 2019 07:52:48 GMT',
53 silly get     vary: 'accept-encoding, accept',
53 silly get     'x-amz-meta-rev': '1907-5c7cc85fcc0f1dfa2edce5f4420415ed',
53 silly get     server: 'cloudflare',
53 silly get     'content-encoding': 'gzip' } ]
54 verbose get saving gulp to /Users/jigsaw/.npm/registry.npmjs.org/gulp/.cache.json
55 verbose correctMkdir /Users/jigsaw/.npm correctMkdir not in flight; initializing
56 silly fetchPackageMetaData Error: No compatible version found: gulp@next
56 silly fetchPackageMetaData Valid install targets:
56 silly fetchPackageMetaData 4.0.0, 3.9.1, 3.9.0, 3.8.11, 3.8.10, 3.8.9, 3.8.8, 3.8.7, 3.8.6, 3.8.5, 3.8.4, 3.8.3, 3.8.2, 3.8.1, 3.8.0, 3.7.0, 3.6.2, 3.6.1, 3.6.0, 3.5.6, 3.5.5, 3.5.2, 3.5.1, 3.5.0, 3.4.0, 3.3.4, 3.3.2, 3.3.1, 3.3.0, 3.2.5, 3.2.4, 3.2.3, 3.2.2, 3.2.1, 3.2.0, 3.1.4, 3.1.3, 3.1.2, 3.1.1, 3.0.0, 2.7.0, 2.6.1, 2.6.0, 2.4.1, 2.4.0, 2.3.0, 2.2.0, 2.1.0, 2.0.1, 2.0.0, 1.2.1, 1.2.0, 1.1.0, 1.0.0, 0.2.0, 0.1.0, 0.0.9, 0.0.8, 0.0.7, 0.0.5, 0.0.4, 0.0.3, 0.0.2, 0.0.1
56 silly fetchPackageMetaData
56 silly fetchPackageMetaData     at pickVersionFromRegistryDocument (/usr/local/lib/node_modules/npm/lib/fetch-package-metadata.js:170:16)
56 silly fetchPackageMetaData     at /usr/local/lib/node_modules/npm/node_modules/iferr/index.js:13:50
56 silly fetchPackageMetaData     at /usr/local/lib/node_modules/npm/lib/utils/pulse-till-done.js:20:8
56 silly fetchPackageMetaData     at saved (/usr/local/lib/node_modules/npm/lib/cache/caching-client.js:174:7)
56 silly fetchPackageMetaData     at /usr/local/lib/node_modules/npm/node_modules/graceful-fs/polyfills.js:210:7
56 silly fetchPackageMetaData     at FSReqWrap.oncomplete (fs.js:123:15)
56 silly fetchPackageMetaData  error for gulp@next Error: No compatible version found: gulp@next
56 silly fetchPackageMetaData Valid install targets:
56 silly fetchPackageMetaData 4.0.0, 3.9.1, 3.9.0, 3.8.11, 3.8.10, 3.8.9, 3.8.8, 3.8.7, 3.8.6, 3.8.5, 3.8.4, 3.8.3, 3.8.2, 3.8.1, 3.8.0, 3.7.0, 3.6.2, 3.6.1, 3.6.0, 3.5.6, 3.5.5, 3.5.2, 3.5.1, 3.5.0, 3.4.0, 3.3.4, 3.3.2, 3.3.1, 3.3.0, 3.2.5, 3.2.4, 3.2.3, 3.2.2, 3.2.1, 3.2.0, 3.1.4, 3.1.3, 3.1.2, 3.1.1, 3.0.0, 2.7.0, 2.6.1, 2.6.0, 2.4.1, 2.4.0, 2.3.0, 2.2.0, 2.1.0, 2.0.1, 2.0.0, 1.2.1, 1.2.0, 1.1.0, 1.0.0, 0.2.0, 0.1.0, 0.0.9, 0.0.8, 0.0.7, 0.0.5, 0.0.4, 0.0.3, 0.0.2, 0.0.1
56 silly fetchPackageMetaData
56 silly fetchPackageMetaData     at pickVersionFromRegistryDocument (/usr/local/lib/node_modules/npm/lib/fetch-package-metadata.js:170:16)
56 silly fetchPackageMetaData     at /usr/local/lib/node_modules/npm/node_modules/iferr/index.js:13:50
56 silly fetchPackageMetaData     at /usr/local/lib/node_modules/npm/lib/utils/pulse-till-done.js:20:8
56 silly fetchPackageMetaData     at saved (/usr/local/lib/node_modules/npm/lib/cache/caching-client.js:174:7)
56 silly fetchPackageMetaData     at /usr/local/lib/node_modules/npm/node_modules/graceful-fs/polyfills.js:210:7
56 silly fetchPackageMetaData     at FSReqWrap.oncomplete (fs.js:123:15)
57 silly rollbackFailedOptional Starting
58 silly rollbackFailedOptional Finishing
59 silly runTopLevelLifecycles Starting
60 silly runTopLevelLifecycles Finishing
61 silly install printInstalled
62 verbose stack Error: No compatible version found: gulp@next
62 verbose stack Valid install targets:
62 verbose stack 4.0.0, 3.9.1, 3.9.0, 3.8.11, 3.8.10, 3.8.9, 3.8.8, 3.8.7, 3.8.6, 3.8.5, 3.8.4, 3.8.3, 3.8.2, 3.8.1, 3.8.0, 3.7.0, 3.6.2, 3.6.1, 3.6.0, 3.5.6, 3.5.5, 3.5.2, 3.5.1, 3.5.0, 3.4.0, 3.3.4, 3.3.2, 3.3.1, 3.3.0, 3.2.5, 3.2.4, 3.2.3, 3.2.2, 3.2.1, 3.2.0, 3.1.4, 3.1.3, 3.1.2, 3.1.1, 3.0.0, 2.7.0, 2.6.1, 2.6.0, 2.4.1, 2.4.0, 2.3.0, 2.2.0, 2.1.0, 2.0.1, 2.0.0, 1.2.1, 1.2.0, 1.1.0, 1.0.0, 0.2.0, 0.1.0, 0.0.9, 0.0.8, 0.0.7, 0.0.5, 0.0.4, 0.0.3, 0.0.2, 0.0.1
62 verbose stack
62 verbose stack     at pickVersionFromRegistryDocument (/usr/local/lib/node_modules/npm/lib/fetch-package-metadata.js:170:16)
62 verbose stack     at /usr/local/lib/node_modules/npm/node_modules/iferr/index.js:13:50
62 verbose stack     at /usr/local/lib/node_modules/npm/lib/utils/pulse-till-done.js:20:8
62 verbose stack     at saved (/usr/local/lib/node_modules/npm/lib/cache/caching-client.js:174:7)
62 verbose stack     at /usr/local/lib/node_modules/npm/node_modules/graceful-fs/polyfills.js:210:7
62 verbose stack     at FSReqWrap.oncomplete (fs.js:123:15)
63 verbose cwd /Users/jigsaw/Development/simple-spotify-search
64 error Darwin 17.7.0
65 error argv "/usr/local/bin/node" "/usr/local/bin/npm" "install" "--save-dev" "gulp@next" "gulp-gh-pages"
66 error node v6.4.0
67 error npm  v3.10.3
68 error No compatible version found: gulp@next
68 error Valid install targets:
68 error 4.0.0, 3.9.1, 3.9.0, 3.8.11, 3.8.10, 3.8.9, 3.8.8, 3.8.7, 3.8.6, 3.8.5, 3.8.4, 3.8.3, 3.8.2, 3.8.1, 3.8.0, 3.7.0, 3.6.2, 3.6.1, 3.6.0, 3.5.6, 3.5.5, 3.5.2, 3.5.1, 3.5.0, 3.4.0, 3.3.4, 3.3.2, 3.3.1, 3.3.0, 3.2.5, 3.2.4, 3.2.3, 3.2.2, 3.2.1, 3.2.0, 3.1.4, 3.1.3, 3.1.2, 3.1.1, 3.0.0, 2.7.0, 2.6.1, 2.6.0, 2.4.1, 2.4.0, 2.3.0, 2.2.0, 2.1.0, 2.0.1, 2.0.0, 1.2.1, 1.2.0, 1.1.0, 1.0.0, 0.2.0, 0.1.0, 0.0.9, 0.0.8, 0.0.7, 0.0.5, 0.0.4, 0.0.3, 0.0.2, 0.0.1
69 error If you need help, you may report this error at:
69 error     <https://github.com/npm/npm/issues>
70 verbose exit [ 1, true ]
